<?xml version="1.0" encoding="UTF-8"?>
<!-- Generated by org.testng.reporters.JUnitXMLReporter -->
<testsuite ignored="0" hostname="MACH-PC176" failures="4" tests="4" name="Surefire test" time="0.213" errors="0" timestamp="28 Mar 2024 04:54:09 GMT">
  <testcase classname="com.JenkinUse.SampleProject.NewTest" name="HomePage" time="0.079">
    <failure type="java.lang.NoClassDefFoundError" message="org/apache/poi/xssf/usermodel/XSSFWorkbook">
      <![CDATA[java.lang.NoClassDefFoundError: org/apache/poi/xssf/usermodel/XSSFWorkbook
at com.JenkinUse.SampleProject.BaseClass.GetURL(BaseClass.java:75)
at com.JenkinUse.SampleProject.NewTest.HomePage(NewTest.java:19)
Caused by: java.lang.ClassNotFoundException: org.apache.poi.xssf.usermodel.XSSFWorkbook
at java.base/jdk.internal.loader.BuiltinClassLoader.loadClass(BuiltinClassLoader.java:641)
at java.base/jdk.internal.loader.ClassLoaders$AppClassLoader.loadClass(ClassLoaders.java:188)
at java.base/java.lang.ClassLoader.loadClass(ClassLoader.java:521)
... 30 more
... Removed 28 stack frames]]>
    </failure>
  </testcase> <!-- HomePage -->
  <testcase classname="com.JenkinUse.SampleProject.NewTest" name="OurDataPage" time="0.003">
    <failure type="java.lang.NoClassDefFoundError" message="org/apache/poi/xssf/usermodel/XSSFWorkbook">
      <![CDATA[java.lang.NoClassDefFoundError: org/apache/poi/xssf/usermodel/XSSFWorkbook
at com.JenkinUse.SampleProject.BaseClass.GetURL(BaseClass.java:75)
at com.JenkinUse.SampleProject.NewTest.OurDataPage(NewTest.java:24)
Caused by: java.lang.ClassNotFoundException: org.apache.poi.xssf.usermodel.XSSFWorkbook
... 30 more
... Removed 28 stack frames]]>
    </failure>
  </testcase> <!-- OurDataPage -->
  <testcase classname="com.JenkinUse.SampleProject.NewTest" name="PricingPage" time="0.002">
    <failure type="java.lang.NoClassDefFoundError" message="org/apache/poi/xssf/usermodel/XSSFWorkbook">
      <![CDATA[java.lang.NoClassDefFoundError: org/apache/poi/xssf/usermodel/XSSFWorkbook
at com.JenkinUse.SampleProject.BaseClass.GetURL(BaseClass.java:75)
at com.JenkinUse.SampleProject.NewTest.PricingPage(NewTest.java:34)
Caused by: java.lang.ClassNotFoundException: org.apache.poi.xssf.usermodel.XSSFWorkbook
... 30 more
... Removed 28 stack frames]]>
    </failure>
  </testcase> <!-- PricingPage -->
  <testcase classname="com.JenkinUse.SampleProject.NewTest" name="WhyUsPage" time="0.002">
    <failure type="java.lang.NoClassDefFoundError" message="org/apache/poi/xssf/usermodel/XSSFWorkbook">
      <![CDATA[java.lang.NoClassDefFoundError: org/apache/poi/xssf/usermodel/XSSFWorkbook
at com.JenkinUse.SampleProject.BaseClass.GetURL(BaseClass.java:75)
at com.JenkinUse.SampleProject.NewTest.WhyUsPage(NewTest.java:29)
Caused by: java.lang.ClassNotFoundException: org.apache.poi.xssf.usermodel.XSSFWorkbook
... 30 more
... Removed 28 stack frames]]>
    </failure>
  </testcase> <!-- WhyUsPage -->
</testsuite> <!-- Surefire test -->
