<?xml version="1.0" encoding="UTF-8"?>
<!-- Generated by org.testng.reporters.JUnitXMLReporter -->
<testsuite ignored="0" hostname="MACH-PC176" failures="0" tests="4" name="Surefire test" time="36.007" errors="0" timestamp="21 Mar 2024 10:41:52 GMT">
  <testcase classname="com.JenkinUse.SampleProject.NewTest" name="HomePage" time="8.407"/>
  <testcase classname="com.JenkinUse.SampleProject.NewTest" name="OurDataPage" time="8.672"/>
  <testcase classname="com.JenkinUse.SampleProject.NewTest" name="PricingPage" time="10.478"/>
  <testcase classname="com.JenkinUse.SampleProject.NewTest" name="WhyUsPage" time="8.308"/>
</testsuite> <!-- Surefire test -->
