<?xml version="1.0" encoding="UTF-8"?>
<!-- Generated by org.testng.reporters.JUnitXMLReporter -->
<testsuite ignored="3" hostname="MACH-PC176" failures="0" tests="1" name="Default test" time="9.387" errors="0" timestamp="2024-03-28T16:42:59 IST">
  <testcase classname="com.JenkinUse.SampleProject.Attentity" name="AttentityDataLicensingPage" time="9.231"/>
  <testcase classname="com.JenkinUse.SampleProject.Attentity" name="AttentityGraphPage" time="0.0">
    <ignored/>
  </testcase> <!-- AttentityGraphPage -->
  <testcase classname="com.JenkinUse.SampleProject.Attentity" name="AttentityHomePage" time="0.0">
    <ignored/>
  </testcase> <!-- AttentityHomePage -->
  <testcase classname="com.JenkinUse.SampleProject.Attentity" name="AttentityDataPage" time="0.0">
    <ignored/>
  </testcase> <!-- AttentityDataPage -->
</testsuite> <!-- Default test -->
