<?xml version="1.0" encoding="UTF-8"?>
<!-- Generated by org.testng.reporters.JUnitXMLReporter -->
<testsuite ignored="4" hostname="MACH-PC176" failures="0" tests="1" name="Default test" time="66.385" errors="0" timestamp="2024-03-28T11:17:57 IST">
  <testcase classname="com.JenkinUse.SampleProject.NewTest" name="MachintelContent" time="66.153"/>
  <testcase classname="com.JenkinUse.SampleProject.NewTest" name="PricingPage" time="0.0">
    <ignored/>
  </testcase> <!-- PricingPage -->
  <testcase classname="com.JenkinUse.SampleProject.NewTest" name="WhyUsPage" time="0.0">
    <ignored/>
  </testcase> <!-- WhyUsPage -->
  <testcase classname="com.JenkinUse.SampleProject.NewTest" name="HomePage" time="0.0">
    <ignored/>
  </testcase> <!-- HomePage -->
  <testcase classname="com.JenkinUse.SampleProject.NewTest" name="OurDataPage" time="0.0">
    <ignored/>
  </testcase> <!-- OurDataPage -->
</testsuite> <!-- Default test -->
