<?xml version="1.0" encoding="UTF-8"?>
<testng-results ignored="0" total="4" passed="4" failed="0" skipped="0">
  <reporter-output>
  </reporter-output>
  <suite started-at="2024-03-21T10:41:16Z" name="Surefire suite" finished-at="2024-03-21T10:41:52Z" duration-ms="36007">
    <groups>
    </groups>
    <test started-at="2024-03-21T10:41:16Z" name="Surefire test" finished-at="2024-03-21T10:41:52Z" duration-ms="36007">
      <class name="com.JenkinUse.SampleProject.NewTest">
        <test-method signature="HomePage()[pri:0, instance:com.JenkinUse.SampleProject.NewTest@3feb2dda]" started-at="2024-03-21T10:41:16Z" name="HomePage" finished-at="2024-03-21T10:41:24Z" duration-ms="8407" status="PASS">
          <reporter-output>
          </reporter-output>
        </test-method> <!-- HomePage -->
        <test-method signature="OurDataPage()[pri:0, instance:com.JenkinUse.SampleProject.NewTest@3feb2dda]" started-at="2024-03-21T10:41:25Z" name="OurDataPage" finished-at="2024-03-21T10:41:33Z" duration-ms="8672" status="PASS">
          <reporter-output>
          </reporter-output>
        </test-method> <!-- OurDataPage -->
        <test-method signature="PricingPage()[pri:0, instance:com.JenkinUse.SampleProject.NewTest@3feb2dda]" started-at="2024-03-21T10:41:33Z" name="PricingPage" finished-at="2024-03-21T10:41:44Z" duration-ms="10478" status="PASS">
          <reporter-output>
          </reporter-output>
        </test-method> <!-- PricingPage -->
        <test-method signature="WhyUsPage()[pri:0, instance:com.JenkinUse.SampleProject.NewTest@3feb2dda]" started-at="2024-03-21T10:41:44Z" name="WhyUsPage" finished-at="2024-03-21T10:41:52Z" duration-ms="8308" status="PASS">
          <reporter-output>
          </reporter-output>
        </test-method> <!-- WhyUsPage -->
      </class> <!-- com.JenkinUse.SampleProject.NewTest -->
    </test> <!-- Surefire test -->
  </suite> <!-- Surefire suite -->
</testng-results>
