<?xml version="1.0" encoding="UTF-8"?>
<testng-results ignored="4" total="5" passed="1" failed="0" skipped="0">
  <reporter-output>
  </reporter-output>
  <suite started-at="2024-03-28T11:16:51 IST" name="Default suite" finished-at="2024-03-28T11:17:57 IST" duration-ms="66385">
    <groups>
    </groups>
    <test started-at="2024-03-28T11:16:51 IST" name="Default test" finished-at="2024-03-28T11:17:57 IST" duration-ms="66385">
      <class name="com.JenkinUse.SampleProject.NewTest">
        <test-method signature="MachintelContent()[pri:0, instance:com.JenkinUse.SampleProject.NewTest@1838ccb8]" started-at="2024-03-28T11:16:51 IST" name="MachintelContent" finished-at="2024-03-28T11:17:57 IST" duration-ms="66153" status="PASS">
          <reporter-output>
          </reporter-output>
        </test-method> <!-- MachintelContent -->
      </class> <!-- com.JenkinUse.SampleProject.NewTest -->
    </test> <!-- Default test -->
  </suite> <!-- Default suite -->
</testng-results>
